[2025-04-22 02:09:32] - Новый запрос
Array
(
    [name] => Дмитрий
    [phone] => 89289057386
    [form_type] => consult-form
)

[2025-04-22 02:10:44] - Новый запрос
Array
(
    [name] => Дмитрий
    [email] => ivan2004@gmail.com
    [comment] => Здравствуйте, могу заказать у вас сразу несколько дверей?
    [form_type] => contact-form
)

[2025-04-22 02:18:47] - Новый запрос
Array
(
    [name] => Дмитрий
    [phone] => 89099047695
    [form_type] => consult-form
)

[2025-04-22 02:42:57] - Новый запрос
Array
(
    [name] => Денис
    [phone] => 89099057698
    [form_type] => call-form
)

[2025-04-22 02:52:42] - Новый запрос
Array
(
    [name] => Артемий
    [phone] => 89039057685
    [form_type] => consult-form
)

[2025-04-22 02:53:28] - Новый запрос
Array
(
    [name] => Иван
    [phone] => 89099047695
    [email] => Artemii2003@gmail.com
    [form_type] => order-service-form
)

[2025-04-22 02:54:06] - Новый запрос
Array
(
    [name] => Антон
    [email] => danil2002@gmail.com
    [comment] => Здравствуйте, могу заказать у вас несколько дверей?
    [form_type] => contact-form
)

[2025-04-22 02:55:36] - Новый запрос
Array
(
    [name] => Михаил
    [email] => Miha3030@gmail.com
    [comment] => Здравствуйте, я могу заказать у вас несколько дверей
    [form_type] => contact-form
)

[2025-05-18 01:56:14] - Новый запрос
Array
(
    [name] => Дмитрий
    [phone] => 89289057386
    [form_type] => call-form
)

[2025-05-18 01:58:22] - Новый запрос
Array
(
    [name] => Дмитрий
    [phone] => ззззз
    [form_type] => call-form
)

[2025-05-18 01:59:01] - Новый запрос
Array
(
    [name] => 3453456
    [phone] => 89289057386
    [form_type] => call-form
)

[2025-05-18 01:59:11] - Новый запрос
Array
(
    [name] => Антон
    [phone] => 89289057386
    [form_type] => call-form
)

[2025-05-18 02:18:02] - Новый запрос
Array
(
    [name] => Дмитрий
    [phone] => ggggg
    [form_type] => call-form
)

[2025-05-18 02:18:37] - Новый запрос
Array
(
    [name] => Дмитрий
    [phone] => зззззвапмтлв
    [form_type] => consult-form
)

[2025-05-18 02:21:12] - Новый запрос
Array
(
    [name] => Дмитрий
    [phone] => ываываыв
    [form_type] => call-form
)

[2025-05-18 02:29:14] - Новый запрос
Array
(
    [name] => Дмитрий
    [phone] => 66666666666
    [form_type] => call-form
)

[2025-05-18 02:29:29] - Новый запрос
Array
(
    [name] => Дмитрий
    [phone] => 89289057386
    [form_type] => call-form
)

[2025-05-18 02:30:08] - Новый запрос
Array
(
    [name] => Дмитрий
    [phone] => 89289057386
    [form_type] => call-form
)

[2025-05-18 02:30:54] - Новый запрос
Array
(
    [name] => Михаил
    [phone] => 89049118597
    [form_type] => call-form
)

[2025-05-18 02:32:30] - Новый запрос
Array
(
    [name] => Дмитрий
    [phone] => 89099047695
    [form_type] => call-form
)

[2025-05-18 02:33:48] - Новый запрос
Array
(
    [name] => Дмитрий
    [email] => dimarj2005@gmail.com
    [comment] => Привет
    [form_type] => contact-form
)

[2025-05-18 02:34:15] - Новый запрос
Array
(
    [name] => Дмитрий
    [phone] => 89099047695
    [form_type] => consult-form
)

[2025-05-18 02:34:34] - Новый запрос
Array
(
    [name] => Дмитрий
    [phone] => 89099047695
    [form_type] => call-form
)

[2025-05-29 21:31:24] - Новый запрос
Array
(
    [name] => Иван
    [phone] => пвапвапва
    [form_type] => call-form
)

[2025-05-29 22:23:40] - Новый запрос
Array
(
    [name] => Дмитрий
    [phone] => 89289057386
    [form_type] => call-form
)

[2025-06-04 21:28:30] - Новый запрос
Array
(
    [name] => Дмитрий
    [email] => dimarj2005@gmail.com
    [comment] => Классные двери, могу заказать парочку?
    [form_type] => contact-form
)

[2025-06-05 14:11:05] - Новый запрос
Array
(
    [name] => Дмитрий
    [phone] => 89289057386
    [form_type] => call-form
)

[2025-06-05 14:34:38] - Новый запрос
Array
(
    [name] => Дмитрий
    [phone] => 89289057386
    [email] => dimarj2005@gmail.com
    [form_type] => order-form
)

[2025-06-05 14:34:52] - Новый запрос
Array
(
    [name] => Дмитрий
    [phone] => 89289057386
    [form_type] => consult-form
)

[2025-06-05 14:35:04] - Новый запрос
Array
(
    [name] => Дмитрий
    [phone] => 89289057386
    [email] => dimarj2005@gmail.com
    [form_type] => order-service-form
)

[2025-06-05 14:35:30] - Новый запрос
Array
(
    [name] => Дмитрий
    [email] => dimarj2005@gmail.com
    [comment] => У вас классные двери
    [form_type] => contact-form
)

[2025-06-05 21:09:51] - Новый запрос
Array
(
    [name] => Дмитрий
    [phone] => 89289057386
    [form_type] => consult-form
)

[2025-06-05 21:10:45] - Новый запрос
Array
(
    [name] => Игорь
    [phone] => 88005553535
    [form_type] => call-form
)

[2025-06-06 00:23:56] - Новый запрос
Array
(
    [name] => Дмитрий
    [phone] => 89289057386
    [form_type] => call-form
)

[2025-06-06 00:24:16] - Новый запрос
Array
(
    [name] => Дмитрий
    [email] => dimarj2005@gmail.com
    [comment] => Ghbdtdfgdfgdfsg
    [form_type] => contact-form
)

